<?xml version="1.0" encoding="UTF-8"?>
<coverage generated="1576134296509" clover="3.2.0">
  <project timestamp="1576134296509" name="All files">
    <metrics statements="16" coveredstatements="8" conditionals="0" coveredconditionals="0" methods="4" coveredmethods="1" elements="20" coveredelements="9" complexity="0" loc="16" ncloc="16" packages="1" files="2" classes="2"/>
    <file name="configuration.ts" path="/Users/iven/Documents/bmw/trainning/web/src/configuration.ts">
      <metrics statements="3" coveredstatements="3" conditionals="0" coveredconditionals="0" methods="0" coveredmethods="0"/>
      <line num="1" count="1" type="stmt"/>
      <line num="8" count="1" type="stmt"/>
      <line num="10" count="1" type="stmt"/>
    </file>
    <file name="service.ts" path="/Users/iven/Documents/bmw/trainning/web/src/service.ts">
      <metrics statements="13" coveredstatements="5" conditionals="0" coveredconditionals="0" methods="4" coveredmethods="1"/>
      <line num="3" count="1" type="stmt"/>
      <line num="4" count="1" type="stmt"/>
      <line num="5" count="1" type="stmt"/>
      <line num="8" count="0" type="stmt"/>
      <line num="12" count="0" type="stmt"/>
      <line num="14" count="0" type="stmt"/>
      <line num="16" count="0" type="stmt"/>
      <line num="22" count="0" type="stmt"/>
      <line num="23" count="0" type="stmt"/>
      <line num="24" count="0" type="stmt"/>
      <line num="26" count="0" type="stmt"/>
      <line num="33" count="1" type="stmt"/>
      <line num="34" count="1" type="stmt"/>
    </file>
  </project>
</coverage>
