TN:
SF:/Users/iven/Documents/bmw/trainning/web/src/configuration.ts
FNF:0
FNH:0
DA:1,1
DA:8,1
DA:9,1
DA:12,1
LF:4
LH:4
BRDA:8,0,0,1
BRDA:8,0,1,0
BRF:2
BRH:1
end_of_record
TN:
SF:/Users/iven/Documents/bmw/trainning/web/src/service.ts
FN:7,(anonymous_0)
FN:11,(anonymous_1)
FN:19,(anonymous_2)
FN:32,(anonymous_3)
FNF:4
FNH:1
FNDA:0,(anonymous_0)
FNDA:0,(anonymous_1)
FNDA:0,(anonymous_2)
FNDA:1,(anonymous_3)
DA:3,1
DA:4,1
DA:5,1
DA:8,0
DA:12,0
DA:13,0
DA:15,0
DA:20,0
DA:21,0
DA:22,0
DA:27,0
DA:32,1
DA:33,1
LF:13
LH:5
BRF:0
BRH:0
end_of_record
