TN:
SF:/Users/iven/Documents/bmw/trainning/web/src/configuration.ts
FNF:0
FNH:0
DA:1,1
DA:8,1
DA:10,1
LF:3
LH:3
BRF:0
BRH:0
end_of_record
TN:
SF:/Users/iven/Documents/bmw/trainning/web/src/service.ts
FN:7,(anonymous_0)
FN:11,(anonymous_1)
FN:21,(anonymous_2)
FN:33,(anonymous_3)
FNF:4
FNH:1
FNDA:0,(anonymous_0)
FNDA:0,(anonymous_1)
FNDA:0,(anonymous_2)
FNDA:1,(anonymous_3)
DA:3,1
DA:4,1
DA:5,1
DA:8,0
DA:12,0
DA:14,0
DA:16,0
DA:22,0
DA:23,0
DA:24,0
DA:26,0
DA:33,1
DA:34,1
LF:13
LH:5
BRF:0
BRH:0
end_of_record
